2020-12-07 09:14:50 INFO  LoginPage:39 - ¬‚Ó‰ ÎÓ„ËÌ‡
2020-12-07 09:14:50 INFO  LoginPage:44 - ¬‚Ó‰ Ô‡ÓÎˇ
2020-12-07 09:14:50 INFO  LoginPage:48 - ¬ıÓ‰ ‚ ÒËÒÚÂÏÛ
2020-12-07 09:14:56 INFO  MailPage:75 - «‡Í˚ÚÓ ÓÍÌÓ ÔÓÒÎÂ ÒÓı‡ÌÂÌËˇ ˜ÂÌÓ‚ËÍ‡
2020-12-07 09:14:57 INFO  MailPage:98 - œÓ‚ÂÍ‡ ÔÓ¯Î‡ ÛÒÔÂ¯ÌÓ
2020-12-07 09:14:57 INFO  MailPage:77 - ¬˚ÔÓÎÌÂÌ ‚˚ıÓ‰ ËÁ ÒËÒÚÂÏ˚
2020-12-07 09:15:23 INFO  LoginPage:39 - ¬‚Ó‰ ÎÓ„ËÌ‡
2020-12-07 09:15:24 INFO  LoginPage:44 - ¬‚Ó‰ Ô‡ÓÎˇ
2020-12-07 09:15:24 INFO  LoginPage:48 - ¬ıÓ‰ ‚ ÒËÒÚÂÏÛ
2020-12-07 09:15:28 INFO  MailPage:75 - «‡Í˚ÚÓ ÓÍÌÓ ÔÓÒÎÂ ÒÓı‡ÌÂÌËˇ ˜ÂÌÓ‚ËÍ‡
2020-12-07 09:16:46 INFO  LoginPage:39 - –í–≤–æ–¥ –ª–æ–≥–∏–Ω–∞
2020-12-07 09:16:46 INFO  LoginPage:44 - –í–≤–æ–¥ –ø–∞—Ä–æ–ª—è
2020-12-07 09:16:47 INFO  LoginPage:48 - –í—Ö–æ–¥ –≤ —Å–∏—Å—Ç–µ–º—É
2020-12-07 09:16:51 INFO  MailPage:70 - –ó–∞–∫—Ä—ã—Ç–æ –æ–∫–Ω–æ –ø–æ—Å–ª–µ –æ—Ç–ø—Ä–∞–≤–∫–∏ –ø–∏—Å—å–º–∞
2020-12-07 09:18:40 INFO  LoginPage:39 - ¬‚Ó‰ ÎÓ„ËÌ‡
2020-12-07 09:18:41 INFO  LoginPage:44 - ¬‚Ó‰ Ô‡ÓÎˇ
2020-12-07 09:18:41 INFO  LoginPage:48 - ¬ıÓ‰ ‚ ÒËÒÚÂÏÛ
2020-12-07 09:18:46 INFO  MailPage:75 - «‡Í˚ÚÓ ÓÍÌÓ ÔÓÒÎÂ ÒÓı‡ÌÂÌËˇ ˜ÂÌÓ‚ËÍ‡
2020-12-07 09:19:10 INFO  LoginPage:39 - –í–≤–æ–¥ –ª–æ–≥–∏–Ω–∞
2020-12-07 09:19:11 INFO  LoginPage:44 - –í–≤–æ–¥ –ø–∞—Ä–æ–ª—è
2020-12-07 09:19:11 INFO  LoginPage:48 - –í—Ö–æ–¥ –≤ —Å–∏—Å—Ç–µ–º—É
2020-12-07 09:19:15 INFO  MailPage:70 - –ó–∞–∫—Ä—ã—Ç–æ –æ–∫–Ω–æ –ø–æ—Å–ª–µ –æ—Ç–ø—Ä–∞–≤–∫–∏ –ø–∏—Å—å–º–∞
2020-12-07 09:19:16 INFO  MailPage:106 - –ü—Ä–æ–≤–µ—Ä–∫–∞ –ø—Ä–æ—à–ª–∞ —É—Å–ø–µ—à–Ω–æ
2020-12-07 09:19:17 INFO  MailPage:77 - –í—ã–ø–æ–ª–Ω–µ–Ω –≤—ã—Ö–æ–¥ –∏–∑ —Å–∏—Å—Ç–µ–º—ã
2020-12-07 18:20:44 INFO  LoginPage:39 - –í–≤–æ–¥ –ª–æ–≥–∏–Ω–∞
2020-12-07 18:21:53 INFO  LoginPage:39 - –í–≤–æ–¥ –ª–æ–≥–∏–Ω–∞
2020-12-07 18:22:05 INFO  LoginPage:44 - –í–≤–æ–¥ –ø–∞—Ä–æ–ª—è
2020-12-07 18:22:36 INFO  LoginPage:39 - –í–≤–æ–¥ –ª–æ–≥–∏–Ω–∞
2020-12-07 18:22:36 INFO  LoginPage:44 - –í–≤–æ–¥ –ø–∞—Ä–æ–ª—è
2020-12-07 18:25:20 INFO  LoginPage:39 - –í–≤–æ–¥ –ª–æ–≥–∏–Ω–∞
2020-12-07 18:25:20 INFO  LoginPage:44 - –í–≤–æ–¥ –ø–∞—Ä–æ–ª—è
2020-12-07 18:25:20 INFO  LoginPage:48 - –í—Ö–æ–¥ –≤ —Å–∏—Å—Ç–µ–º—É
2020-12-07 18:25:57 INFO  LoginPage:39 - –í–≤–æ–¥ –ª–æ–≥–∏–Ω–∞
2020-12-07 18:25:57 INFO  LoginPage:44 - –í–≤–æ–¥ –ø–∞—Ä–æ–ª—è
2020-12-07 18:25:57 INFO  LoginPage:48 - –í—Ö–æ–¥ –≤ —Å–∏—Å—Ç–µ–º—É
2020-12-08 09:43:54 INFO  LoginPage:39 - –í–≤–æ–¥ –ª–æ–≥–∏–Ω–∞
2020-12-08 09:43:54 INFO  LoginPage:44 - –í–≤–æ–¥ –ø–∞—Ä–æ–ª—è
2020-12-08 09:43:54 INFO  LoginPage:48 - –í—Ö–æ–¥ –≤ —Å–∏—Å—Ç–µ–º—É
2020-12-08 09:43:59 INFO  MailPage:75 - –ó–∞–∫—Ä—ã—Ç–æ –æ–∫–Ω–æ –ø–æ—Å–ª–µ —Å–æ—Ö—Ä–∞–Ω–µ–Ω–∏—è —á–µ—Ä–Ω–æ–≤–∏–∫–∞
2020-12-08 09:44:00 INFO  MailPage:96 - –ü—Ä–æ–≤–µ—Ä–∫–∞ –ø—Ä–æ—à–ª–∞ —É—Å–ø–µ—à–Ω–æ
2020-12-08 09:44:00 INFO  MailPage:75 - –í—ã–ø–æ–ª–Ω–µ–Ω –≤—ã—Ö–æ–¥ –∏–∑ —Å–∏—Å—Ç–µ–º—ã
2020-12-08 09:47:24 INFO  LoginPage:39 - –í–≤–æ–¥ –ª–æ–≥–∏–Ω–∞
2020-12-08 09:47:25 INFO  LoginPage:44 - –í–≤–æ–¥ –ø–∞—Ä–æ–ª—è
2020-12-08 09:47:25 INFO  LoginPage:48 - –í—Ö–æ–¥ –≤ —Å–∏—Å—Ç–µ–º—É
2020-12-08 09:47:29 INFO  MailPage:75 - –ó–∞–∫—Ä—ã—Ç–æ –æ–∫–Ω–æ –ø–æ—Å–ª–µ —Å–æ—Ö—Ä–∞–Ω–µ–Ω–∏—è —á–µ—Ä–Ω–æ–≤–∏–∫–∞
2020-12-08 09:48:53 INFO  LoginPage:39 - –í–≤–æ–¥ –ª–æ–≥–∏–Ω–∞
2020-12-08 09:48:53 INFO  LoginPage:44 - –í–≤–æ–¥ –ø–∞—Ä–æ–ª—è
2020-12-08 09:48:53 INFO  LoginPage:48 - –í—Ö–æ–¥ –≤ —Å–∏—Å—Ç–µ–º—É
2020-12-08 09:48:57 INFO  MailPage:75 - –ó–∞–∫—Ä—ã—Ç–æ –æ–∫–Ω–æ –ø–æ—Å–ª–µ —Å–æ—Ö—Ä–∞–Ω–µ–Ω–∏—è —á–µ—Ä–Ω–æ–≤–∏–∫–∞
2020-12-08 09:48:58 INFO  MailPage:96 - –ü—Ä–æ–≤–µ—Ä–∫–∞ –ø—Ä–æ—à–ª–∞ —É—Å–ø–µ—à–Ω–æ
2020-12-08 09:48:58 INFO  MailPage:75 - –í—ã–ø–æ–ª–Ω–µ–Ω –≤—ã—Ö–æ–¥ –∏–∑ —Å–∏—Å—Ç–µ–º—ã
2020-12-08 10:00:28 INFO  LoginPage:39 - –í–≤–æ–¥ –ª–æ–≥–∏–Ω–∞
2020-12-08 10:00:28 INFO  LoginPage:44 - –í–≤–æ–¥ –ø–∞—Ä–æ–ª—è
2020-12-08 10:00:28 INFO  LoginPage:48 - –í—Ö–æ–¥ –≤ —Å–∏—Å—Ç–µ–º—É
2020-12-08 10:00:33 INFO  MailPage:70 - –ó–∞–∫—Ä—ã—Ç–æ –æ–∫–Ω–æ –ø–æ—Å–ª–µ –æ—Ç–ø—Ä–∞–≤–∫–∏ –ø–∏—Å—å–º–∞
2020-12-08 10:00:34 INFO  MailPage:104 - –ü—Ä–æ–≤–µ—Ä–∫–∞ –ø—Ä–æ—à–ª–∞ —É—Å–ø–µ—à–Ω–æ
2020-12-08 10:00:35 INFO  MailPage:75 - –í—ã–ø–æ–ª–Ω–µ–Ω –≤—ã—Ö–æ–¥ –∏–∑ —Å–∏—Å—Ç–µ–º—ã
2020-12-08 10:05:51 INFO  LoginPage:39 - –í–≤–æ–¥ –ª–æ–≥–∏–Ω–∞
2020-12-08 10:05:51 INFO  LoginPage:44 - –í–≤–æ–¥ –ø–∞—Ä–æ–ª—è
2020-12-08 10:05:51 INFO  LoginPage:48 - –í—Ö–æ–¥ –≤ —Å–∏—Å—Ç–µ–º—É
2020-12-08 10:05:56 INFO  MailPage:70 - –ó–∞–∫—Ä—ã—Ç–æ –æ–∫–Ω–æ –ø–æ—Å–ª–µ –æ—Ç–ø—Ä–∞–≤–∫–∏ –ø–∏—Å—å–º–∞
2020-12-08 10:05:57 INFO  MailPage:104 - –ü—Ä–æ–≤–µ—Ä–∫–∞ –ø—Ä–æ—à–ª–∞ —É—Å–ø–µ—à–Ω–æ
2020-12-08 10:05:58 INFO  MailPage:75 - –í—ã–ø–æ–ª–Ω–µ–Ω –≤—ã—Ö–æ–¥ –∏–∑ —Å–∏—Å—Ç–µ–º—ã
2020-12-08 10:06:14 INFO  LoginPage:39 - –í–≤–æ–¥ –ª–æ–≥–∏–Ω–∞
2020-12-08 10:06:15 INFO  LoginPage:44 - –í–≤–æ–¥ –ø–∞—Ä–æ–ª—è
2020-12-08 10:06:15 INFO  LoginPage:48 - –í—Ö–æ–¥ –≤ —Å–∏—Å—Ç–µ–º—É
2020-12-08 10:06:18 INFO  MailPage:75 - –ó–∞–∫—Ä—ã—Ç–æ –æ–∫–Ω–æ –ø–æ—Å–ª–µ —Å–æ—Ö—Ä–∞–Ω–µ–Ω–∏—è —á–µ—Ä–Ω–æ–≤–∏–∫–∞
2020-12-08 10:06:19 INFO  MailPage:96 - –ü—Ä–æ–≤–µ—Ä–∫–∞ –ø—Ä–æ—à–ª–∞ —É—Å–ø–µ—à–Ω–æ
2020-12-08 10:06:20 INFO  MailPage:75 - –í—ã–ø–æ–ª–Ω–µ–Ω –≤—ã—Ö–æ–¥ –∏–∑ —Å–∏—Å—Ç–µ–º—ã
2020-12-08 10:33:10 INFO  LoginPage:39 - –í–≤–æ–¥ –ª–æ–≥–∏–Ω–∞
2020-12-08 10:33:10 INFO  LoginPage:44 - –í–≤–æ–¥ –ø–∞—Ä–æ–ª—è
2020-12-08 10:33:10 INFO  LoginPage:48 - –í—Ö–æ–¥ –≤ —Å–∏—Å—Ç–µ–º—É
2020-12-08 10:34:14 INFO  LoginPage:39 - –í–≤–æ–¥ –ª–æ–≥–∏–Ω–∞
2020-12-08 10:34:15 INFO  LoginPage:44 - –í–≤–æ–¥ –ø–∞—Ä–æ–ª—è
2020-12-08 10:34:15 INFO  LoginPage:48 - –í—Ö–æ–¥ –≤ —Å–∏—Å—Ç–µ–º—É
2020-12-08 10:37:07 INFO  LoginPage:39 - –í–≤–æ–¥ –ª–æ–≥–∏–Ω–∞
2020-12-08 10:37:07 INFO  LoginPage:44 - –í–≤–æ–¥ –ø–∞—Ä–æ–ª—è
2020-12-08 10:37:08 INFO  LoginPage:48 - –í—Ö–æ–¥ –≤ —Å–∏—Å—Ç–µ–º—É
2020-12-08 10:59:30 INFO  LoginPage:39 - –í–≤–æ–¥ –ª–æ–≥–∏–Ω–∞
2020-12-08 10:59:31 INFO  LoginPage:44 - –í–≤–æ–¥ –ø–∞—Ä–æ–ª—è
2020-12-08 10:59:31 INFO  LoginPage:48 - –í—Ö–æ–¥ –≤ —Å–∏—Å—Ç–µ–º—É
2020-12-08 11:06:09 INFO  LoginPage:39 - –í–≤–æ–¥ –ª–æ–≥–∏–Ω–∞
2020-12-08 11:06:09 INFO  LoginPage:44 - –í–≤–æ–¥ –ø–∞—Ä–æ–ª—è
2020-12-08 11:06:09 INFO  LoginPage:48 - –í—Ö–æ–¥ –≤ —Å–∏—Å—Ç–µ–º—É
2020-12-08 11:07:21 INFO  LoginPage:39 - –í–≤–æ–¥ –ª–æ–≥–∏–Ω–∞
2020-12-08 11:07:21 INFO  LoginPage:44 - –í–≤–æ–¥ –ø–∞—Ä–æ–ª—è
2020-12-08 11:07:21 INFO  LoginPage:48 - –í—Ö–æ–¥ –≤ —Å–∏—Å—Ç–µ–º—É
2020-12-08 11:07:34 INFO  LoginPage:39 - –í–≤–æ–¥ –ª–æ–≥–∏–Ω–∞
2020-12-08 11:07:34 INFO  LoginPage:44 - –í–≤–æ–¥ –ø–∞—Ä–æ–ª—è
2020-12-08 11:07:35 INFO  LoginPage:48 - –í—Ö–æ–¥ –≤ —Å–∏—Å—Ç–µ–º—É
2020-12-08 11:09:12 INFO  LoginPage:39 - –í–≤–æ–¥ –ª–æ–≥–∏–Ω–∞
2020-12-08 11:09:12 INFO  LoginPage:44 - –í–≤–æ–¥ –ø–∞—Ä–æ–ª—è
2020-12-08 11:09:12 INFO  LoginPage:48 - –í—Ö–æ–¥ –≤ —Å–∏—Å—Ç–µ–º—É
2020-12-08 11:11:58 INFO  LoginPage:39 - –í–≤–æ–¥ –ª–æ–≥–∏–Ω–∞
2020-12-08 11:11:58 INFO  LoginPage:44 - –í–≤–æ–¥ –ø–∞—Ä–æ–ª—è
2020-12-08 11:11:58 INFO  LoginPage:48 - –í—Ö–æ–¥ –≤ —Å–∏—Å—Ç–µ–º—É
2020-12-08 11:12:07 INFO  LoginPage:39 - –í–≤–æ–¥ –ª–æ–≥–∏–Ω–∞
2020-12-08 11:12:07 INFO  LoginPage:44 - –í–≤–æ–¥ –ø–∞—Ä–æ–ª—è
2020-12-08 11:12:08 INFO  LoginPage:48 - –í—Ö–æ–¥ –≤ —Å–∏—Å—Ç–µ–º—É
2020-12-08 11:15:44 INFO  LoginPage:39 - –í–≤–æ–¥ –ª–æ–≥–∏–Ω–∞
2020-12-08 11:15:44 INFO  LoginPage:44 - –í–≤–æ–¥ –ø–∞—Ä–æ–ª—è
2020-12-08 11:15:44 INFO  LoginPage:48 - –í—Ö–æ–¥ –≤ —Å–∏—Å—Ç–µ–º—É
2020-12-08 11:15:53 INFO  LoginPage:39 - –í–≤–æ–¥ –ª–æ–≥–∏–Ω–∞
2020-12-08 11:15:53 INFO  LoginPage:44 - –í–≤–æ–¥ –ø–∞—Ä–æ–ª—è
2020-12-08 11:15:53 INFO  LoginPage:48 - –í—Ö–æ–¥ –≤ —Å–∏—Å—Ç–µ–º—É
2020-12-08 11:16:35 INFO  LoginPage:39 - –í–≤–æ–¥ –ª–æ–≥–∏–Ω–∞
2020-12-08 11:16:36 INFO  LoginPage:44 - –í–≤–æ–¥ –ø–∞—Ä–æ–ª—è
2020-12-08 11:16:36 INFO  LoginPage:48 - –í—Ö–æ–¥ –≤ —Å–∏—Å—Ç–µ–º—É
2020-12-08 11:20:32 INFO  LoginPage:39 - –í–≤–æ–¥ –ª–æ–≥–∏–Ω–∞
2020-12-08 11:20:32 INFO  LoginPage:44 - –í–≤–æ–¥ –ø–∞—Ä–æ–ª—è
2020-12-08 11:20:32 INFO  LoginPage:48 - –í—Ö–æ–¥ –≤ —Å–∏—Å—Ç–µ–º—É
2020-12-08 11:20:36 INFO  MailPage:75 - –ó–∞–∫—Ä—ã—Ç–æ –æ–∫–Ω–æ –ø–æ—Å–ª–µ —Å–æ—Ö—Ä–∞–Ω–µ–Ω–∏—è —á–µ—Ä–Ω–æ–≤–∏–∫–∞
2020-12-08 11:20:37 INFO  MailPage:106 - –ü—Ä–æ–≤–µ—Ä–∫–∞ –ø—Ä–æ—à–ª–∞ —É—Å–ø–µ—à–Ω–æ
2020-12-08 11:20:38 INFO  MailPage:82 - –í—ã–ø–æ–ª–Ω–µ–Ω –≤—ã—Ö–æ–¥ –∏–∑ —Å–∏—Å—Ç–µ–º—ã
2020-12-08 11:20:46 INFO  LoginPage:39 - –í–≤–æ–¥ –ª–æ–≥–∏–Ω–∞
2020-12-08 11:20:47 INFO  LoginPage:44 - –í–≤–æ–¥ –ø–∞—Ä–æ–ª—è
2020-12-08 11:20:47 INFO  LoginPage:48 - –í—Ö–æ–¥ –≤ —Å–∏—Å—Ç–µ–º—É
2020-12-08 11:20:51 INFO  MailPage:70 - –ó–∞–∫—Ä—ã—Ç–æ –æ–∫–Ω–æ –ø–æ—Å–ª–µ –æ—Ç–ø—Ä–∞–≤–∫–∏ –ø–∏—Å—å–º–∞
2020-12-08 11:20:53 INFO  MailPage:115 - –ü—Ä–æ–≤–µ—Ä–∫–∞ –ø—Ä–æ—à–ª–∞ —É—Å–ø–µ—à–Ω–æ
2020-12-08 11:34:24 INFO  LoginPage:39 - –í–≤–æ–¥ –ª–æ–≥–∏–Ω–∞
2020-12-08 11:34:24 INFO  LoginPage:44 - –í–≤–æ–¥ –ø–∞—Ä–æ–ª—è
2020-12-08 11:34:24 INFO  LoginPage:48 - –í—Ö–æ–¥ –≤ —Å–∏—Å—Ç–µ–º—É
2020-12-08 11:34:33 INFO  LoginPage:39 - –í–≤–æ–¥ –ª–æ–≥–∏–Ω–∞
2020-12-08 11:34:33 INFO  LoginPage:44 - –í–≤–æ–¥ –ø–∞—Ä–æ–ª—è
2020-12-08 11:34:33 INFO  LoginPage:48 - –í—Ö–æ–¥ –≤ —Å–∏—Å—Ç–µ–º—É
2020-12-08 11:35:36 INFO  LoginPage:39 - –í–≤–æ–¥ –ª–æ–≥–∏–Ω–∞
2020-12-08 11:35:37 INFO  LoginPage:44 - –í–≤–æ–¥ –ø–∞—Ä–æ–ª—è
2020-12-08 11:35:37 INFO  LoginPage:48 - –í—Ö–æ–¥ –≤ —Å–∏—Å—Ç–µ–º—É
2020-12-08 11:35:41 INFO  MailPage:75 - –ó–∞–∫—Ä—ã—Ç–æ –æ–∫–Ω–æ –ø–æ—Å–ª–µ —Å–æ—Ö—Ä–∞–Ω–µ–Ω–∏—è —á–µ—Ä–Ω–æ–≤–∏–∫–∞
2020-12-08 11:35:42 INFO  MailPage:108 - –ü—Ä–æ–≤–µ—Ä–∫–∞ –ø—Ä–æ—à–ª–∞ —É—Å–ø–µ—à–Ω–æ
2020-12-08 11:35:42 INFO  MailPage:84 - –í—ã–ø–æ–ª–Ω–µ–Ω –≤—ã—Ö–æ–¥ –∏–∑ —Å–∏—Å—Ç–µ–º—ã
2020-12-08 11:35:50 INFO  LoginPage:39 - –í–≤–æ–¥ –ª–æ–≥–∏–Ω–∞
2020-12-08 11:35:51 INFO  LoginPage:44 - –í–≤–æ–¥ –ø–∞—Ä–æ–ª—è
2020-12-08 11:35:51 INFO  LoginPage:48 - –í—Ö–æ–¥ –≤ —Å–∏—Å—Ç–µ–º—É
2020-12-08 11:35:55 INFO  MailPage:70 - –ó–∞–∫—Ä—ã—Ç–æ –æ–∫–Ω–æ –ø–æ—Å–ª–µ –æ—Ç–ø—Ä–∞–≤–∫–∏ –ø–∏—Å—å–º–∞
2020-12-08 11:35:56 INFO  MailPage:117 - –ü—Ä–æ–≤–µ—Ä–∫–∞ –ø—Ä–æ—à–ª–∞ —É—Å–ø–µ—à–Ω–æ
2020-12-08 11:35:57 INFO  MailPage:84 - –í—ã–ø–æ–ª–Ω–µ–Ω –≤—ã—Ö–æ–¥ –∏–∑ —Å–∏—Å—Ç–µ–º—ã
2020-12-08 11:39:52 INFO  LoginPage:39 - –í–≤–æ–¥ –ª–æ–≥–∏–Ω–∞
2020-12-08 11:39:53 INFO  LoginPage:44 - –í–≤–æ–¥ –ø–∞—Ä–æ–ª—è
2020-12-08 11:39:53 INFO  LoginPage:48 - –í—Ö–æ–¥ –≤ —Å–∏—Å—Ç–µ–º—É
2020-12-08 11:40:00 INFO  LoginPage:39 - –í–≤–æ–¥ –ª–æ–≥–∏–Ω–∞
2020-12-08 11:40:01 INFO  LoginPage:44 - –í–≤–æ–¥ –ø–∞—Ä–æ–ª—è
2020-12-08 11:40:01 INFO  LoginPage:48 - –í—Ö–æ–¥ –≤ —Å–∏—Å—Ç–µ–º—É
2020-12-08 11:49:31 INFO  LoginPage:39 - –í–≤–æ–¥ –ª–æ–≥–∏–Ω–∞
2020-12-08 11:49:31 INFO  LoginPage:44 - –í–≤–æ–¥ –ø–∞—Ä–æ–ª—è
2020-12-08 11:49:32 INFO  LoginPage:48 - –í—Ö–æ–¥ –≤ —Å–∏—Å—Ç–µ–º—É
2020-12-08 11:58:38 INFO  LoginPage:39 - –í–≤–æ–¥ –ª–æ–≥–∏–Ω–∞
2020-12-08 11:58:39 INFO  LoginPage:44 - –í–≤–æ–¥ –ø–∞—Ä–æ–ª—è
2020-12-08 11:58:39 INFO  LoginPage:48 - –í—Ö–æ–¥ –≤ —Å–∏—Å—Ç–µ–º—É
2020-12-08 12:01:49 INFO  LoginPage:39 - –í–≤–æ–¥ –ª–æ–≥–∏–Ω–∞
2020-12-08 12:01:49 INFO  LoginPage:44 - –í–≤–æ–¥ –ø–∞—Ä–æ–ª—è
2020-12-08 12:01:49 INFO  LoginPage:48 - –í—Ö–æ–¥ –≤ —Å–∏—Å—Ç–µ–º—É
2020-12-08 12:01:53 INFO  MailPage:75 - –ó–∞–∫—Ä—ã—Ç–æ –æ–∫–Ω–æ –ø–æ—Å–ª–µ —Å–æ—Ö—Ä–∞–Ω–µ–Ω–∏—è —á–µ—Ä–Ω–æ–≤–∏–∫–∞
2020-12-08 12:01:54 INFO  MailPage:89 - –ü—Ä–æ–≤–µ—Ä–∫–∞ –ø—Ä–æ—à–ª–∞ —É—Å–ø–µ—à–Ω–æ
2020-12-08 12:01:54 INFO  MailPage:71 - –í—ã–ø–æ–ª–Ω–µ–Ω –≤—ã—Ö–æ–¥ –∏–∑ —Å–∏—Å—Ç–µ–º—ã
2020-12-08 12:02:02 INFO  LoginPage:39 - –í–≤–æ–¥ –ª–æ–≥–∏–Ω–∞
2020-12-08 12:02:03 INFO  LoginPage:44 - –í–≤–æ–¥ –ø–∞—Ä–æ–ª—è
2020-12-08 12:02:03 INFO  LoginPage:48 - –í—Ö–æ–¥ –≤ —Å–∏—Å—Ç–µ–º—É
2020-12-08 12:02:07 INFO  MailPage:70 - –ó–∞–∫—Ä—ã—Ç–æ –æ–∫–Ω–æ –ø–æ—Å–ª–µ –æ—Ç–ø—Ä–∞–≤–∫–∏ –ø–∏—Å—å–º–∞
2020-12-08 12:02:08 INFO  MailPage:98 - –ü—Ä–æ–≤–µ—Ä–∫–∞ –ø—Ä–æ—à–ª–∞ —É—Å–ø–µ—à–Ω–æ
2020-12-08 12:02:09 INFO  MailPage:71 - –í—ã–ø–æ–ª–Ω–µ–Ω –≤—ã—Ö–æ–¥ –∏–∑ —Å–∏—Å—Ç–µ–º—ã
2020-12-08 12:04:05 INFO  LoginPage:39 - –í–≤–æ–¥ –ª–æ–≥–∏–Ω–∞
2020-12-08 12:04:05 INFO  LoginPage:44 - –í–≤–æ–¥ –ø–∞—Ä–æ–ª—è
2020-12-08 12:04:05 INFO  LoginPage:48 - –í—Ö–æ–¥ –≤ —Å–∏—Å—Ç–µ–º—É
2020-12-08 12:04:09 INFO  MailPage:75 - –ó–∞–∫—Ä—ã—Ç–æ –æ–∫–Ω–æ –ø–æ—Å–ª–µ —Å–æ—Ö—Ä–∞–Ω–µ–Ω–∏—è —á–µ—Ä–Ω–æ–≤–∏–∫–∞
2020-12-08 12:04:10 INFO  MailPage:89 - –ü—Ä–æ–≤–µ—Ä–∫–∞ –ø—Ä–æ—à–ª–∞ —É—Å–ø–µ—à–Ω–æ
2020-12-08 12:04:10 INFO  MailPage:71 - –í—ã–ø–æ–ª–Ω–µ–Ω –≤—ã—Ö–æ–¥ –∏–∑ —Å–∏—Å—Ç–µ–º—ã
2020-12-08 12:04:19 INFO  LoginPage:39 - –í–≤–æ–¥ –ª–æ–≥–∏–Ω–∞
2020-12-08 12:04:19 INFO  LoginPage:44 - –í–≤–æ–¥ –ø–∞—Ä–æ–ª—è
2020-12-08 12:04:19 INFO  LoginPage:48 - –í—Ö–æ–¥ –≤ —Å–∏—Å—Ç–µ–º—É
2020-12-08 12:04:23 INFO  MailPage:70 - –ó–∞–∫—Ä—ã—Ç–æ –æ–∫–Ω–æ –ø–æ—Å–ª–µ –æ—Ç–ø—Ä–∞–≤–∫–∏ –ø–∏—Å—å–º–∞
2020-12-08 12:04:25 INFO  MailPage:98 - –ü—Ä–æ–≤–µ—Ä–∫–∞ –ø—Ä–æ—à–ª–∞ —É—Å–ø–µ—à–Ω–æ
2020-12-08 12:04:26 INFO  MailPage:71 - –í—ã–ø–æ–ª–Ω–µ–Ω –≤—ã—Ö–æ–¥ –∏–∑ —Å–∏—Å—Ç–µ–º—ã
2020-12-08 12:15:37 INFO  LoginPage:39 - –í–≤–æ–¥ –ª–æ–≥–∏–Ω–∞
2020-12-08 12:15:37 INFO  LoginPage:44 - –í–≤–æ–¥ –ø–∞—Ä–æ–ª—è
2020-12-08 12:15:37 INFO  LoginPage:48 - –í—Ö–æ–¥ –≤ —Å–∏—Å—Ç–µ–º—É
2020-12-08 12:15:41 INFO  MailPage:75 - –ó–∞–∫—Ä—ã—Ç–æ –æ–∫–Ω–æ –ø–æ—Å–ª–µ —Å–æ—Ö—Ä–∞–Ω–µ–Ω–∏—è —á–µ—Ä–Ω–æ–≤–∏–∫–∞
2020-12-08 12:15:44 INFO  MailPage:89 - –ü—Ä–æ–≤–µ—Ä–∫–∞ –ø—Ä–æ—à–ª–∞ —É—Å–ø–µ—à–Ω–æ
2020-12-08 12:16:03 INFO  LoginPage:39 - –í–≤–æ–¥ –ª–æ–≥–∏–Ω–∞
2020-12-08 12:16:03 INFO  LoginPage:44 - –í–≤–æ–¥ –ø–∞—Ä–æ–ª—è
2020-12-08 12:16:03 INFO  LoginPage:48 - –í—Ö–æ–¥ –≤ —Å–∏—Å—Ç–µ–º—É
2020-12-08 12:16:08 INFO  MailPage:70 - –ó–∞–∫—Ä—ã—Ç–æ –æ–∫–Ω–æ –ø–æ—Å–ª–µ –æ—Ç–ø—Ä–∞–≤–∫–∏ –ø–∏—Å—å–º–∞
2020-12-08 12:16:10 INFO  MailPage:98 - –ü—Ä–æ–≤–µ—Ä–∫–∞ –ø—Ä–æ—à–ª–∞ —É—Å–ø–µ—à–Ω–æ
2020-12-08 12:16:11 INFO  MailPage:71 - –í—ã–ø–æ–ª–Ω–µ–Ω –≤—ã—Ö–æ–¥ –∏–∑ —Å–∏—Å—Ç–µ–º—ã
2020-12-08 12:18:12 INFO  LoginPage:39 - –í–≤–æ–¥ –ª–æ–≥–∏–Ω–∞
2020-12-08 12:18:12 INFO  LoginPage:44 - –í–≤–æ–¥ –ø–∞—Ä–æ–ª—è
2020-12-08 12:18:12 INFO  LoginPage:48 - –í—Ö–æ–¥ –≤ —Å–∏—Å—Ç–µ–º—É
2020-12-08 12:18:17 INFO  MailPage:75 - –ó–∞–∫—Ä—ã—Ç–æ –æ–∫–Ω–æ –ø–æ—Å–ª–µ —Å–æ—Ö—Ä–∞–Ω–µ–Ω–∏—è —á–µ—Ä–Ω–æ–≤–∏–∫–∞
2020-12-08 12:18:18 INFO  MailPage:89 - –ü—Ä–æ–≤–µ—Ä–∫–∞ –ø—Ä–æ—à–ª–∞ —É—Å–ø–µ—à–Ω–æ
2020-12-08 12:23:50 INFO  LoginPage:39 - –í–≤–æ–¥ –ª–æ–≥–∏–Ω–∞
2020-12-08 12:23:50 INFO  LoginPage:44 - –í–≤–æ–¥ –ø–∞—Ä–æ–ª—è
2020-12-08 12:23:50 INFO  LoginPage:48 - –í—Ö–æ–¥ –≤ —Å–∏—Å—Ç–µ–º—É
2020-12-08 12:23:54 INFO  MailPage:75 - –ó–∞–∫—Ä—ã—Ç–æ –æ–∫–Ω–æ –ø–æ—Å–ª–µ —Å–æ—Ö—Ä–∞–Ω–µ–Ω–∏—è —á–µ—Ä–Ω–æ–≤–∏–∫–∞
2020-12-08 12:23:55 INFO  MailPage:90 - –ü—Ä–æ–≤–µ—Ä–∫–∞ –ø—Ä–æ—à–ª–∞ —É—Å–ø–µ—à–Ω–æ
2020-12-08 12:23:56 INFO  MailPage:72 - –í—ã–ø–æ–ª–Ω–µ–Ω –≤—ã—Ö–æ–¥ –∏–∑ —Å–∏—Å—Ç–µ–º—ã
2020-12-08 12:24:04 INFO  LoginPage:39 - –í–≤–æ–¥ –ª–æ–≥–∏–Ω–∞
2020-12-08 12:24:04 INFO  LoginPage:44 - –í–≤–æ–¥ –ø–∞—Ä–æ–ª—è
2020-12-08 12:24:04 INFO  LoginPage:48 - –í—Ö–æ–¥ –≤ —Å–∏—Å—Ç–µ–º—É
2020-12-08 12:24:09 INFO  MailPage:70 - –ó–∞–∫—Ä—ã—Ç–æ –æ–∫–Ω–æ –ø–æ—Å–ª–µ –æ—Ç–ø—Ä–∞–≤–∫–∏ –ø–∏—Å—å–º–∞
2020-12-08 12:24:11 INFO  MailPage:99 - –ü—Ä–æ–≤–µ—Ä–∫–∞ –ø—Ä–æ—à–ª–∞ —É—Å–ø–µ—à–Ω–æ
2020-12-08 12:24:12 INFO  MailPage:72 - –í—ã–ø–æ–ª–Ω–µ–Ω –≤—ã—Ö–æ–¥ –∏–∑ —Å–∏—Å—Ç–µ–º—ã
2020-12-08 12:24:31 INFO  LoginPage:39 - –í–≤–æ–¥ –ª–æ–≥–∏–Ω–∞
2020-12-08 12:24:31 INFO  LoginPage:44 - –í–≤–æ–¥ –ø–∞—Ä–æ–ª—è
2020-12-08 12:24:31 INFO  LoginPage:48 - –í—Ö–æ–¥ –≤ —Å–∏—Å—Ç–µ–º—É
2020-12-08 12:24:35 INFO  MailPage:75 - –ó–∞–∫—Ä—ã—Ç–æ –æ–∫–Ω–æ –ø–æ—Å–ª–µ —Å–æ—Ö—Ä–∞–Ω–µ–Ω–∏—è —á–µ—Ä–Ω–æ–≤–∏–∫–∞
2020-12-08 12:24:36 INFO  MailPage:90 - –ü—Ä–æ–≤–µ—Ä–∫–∞ –ø—Ä–æ—à–ª–∞ —É—Å–ø–µ—à–Ω–æ
2020-12-08 12:25:08 INFO  MailPage:72 - –í—ã–ø–æ–ª–Ω–µ–Ω –≤—ã—Ö–æ–¥ –∏–∑ —Å–∏—Å—Ç–µ–º—ã
2020-12-08 12:25:16 INFO  LoginPage:39 - –í–≤–æ–¥ –ª–æ–≥–∏–Ω–∞
2020-12-08 12:25:16 INFO  LoginPage:44 - –í–≤–æ–¥ –ø–∞—Ä–æ–ª—è
2020-12-08 12:25:16 INFO  LoginPage:48 - –í—Ö–æ–¥ –≤ —Å–∏—Å—Ç–µ–º—É
2020-12-08 12:25:21 INFO  MailPage:70 - –ó–∞–∫—Ä—ã—Ç–æ –æ–∫–Ω–æ –ø–æ—Å–ª–µ –æ—Ç–ø—Ä–∞–≤–∫–∏ –ø–∏—Å—å–º–∞
2020-12-08 12:25:22 INFO  MailPage:99 - –ü—Ä–æ–≤–µ—Ä–∫–∞ –ø—Ä–æ—à–ª–∞ —É—Å–ø–µ—à–Ω–æ
2020-12-08 12:26:21 INFO  LoginPage:39 - –í–≤–æ–¥ –ª–æ–≥–∏–Ω–∞
2020-12-08 12:26:21 INFO  LoginPage:44 - –í–≤–æ–¥ –ø–∞—Ä–æ–ª—è
2020-12-08 12:26:21 INFO  LoginPage:48 - –í—Ö–æ–¥ –≤ —Å–∏—Å—Ç–µ–º—É
2020-12-08 12:26:26 INFO  MailPage:75 - –ó–∞–∫—Ä—ã—Ç–æ –æ–∫–Ω–æ –ø–æ—Å–ª–µ —Å–æ—Ö—Ä–∞–Ω–µ–Ω–∏—è —á–µ—Ä–Ω–æ–≤–∏–∫–∞
2020-12-08 12:26:27 INFO  MailPage:90 - –ü—Ä–æ–≤–µ—Ä–∫–∞ –ø—Ä–æ—à–ª–∞ —É—Å–ø–µ—à–Ω–æ
2020-12-08 12:26:44 INFO  LoginPage:39 - –í–≤–æ–¥ –ª–æ–≥–∏–Ω–∞
2020-12-08 12:26:45 INFO  LoginPage:44 - –í–≤–æ–¥ –ø–∞—Ä–æ–ª—è
2020-12-08 12:26:45 INFO  LoginPage:48 - –í—Ö–æ–¥ –≤ —Å–∏—Å—Ç–µ–º—É
2020-12-08 12:26:50 INFO  MailPage:70 - –ó–∞–∫—Ä—ã—Ç–æ –æ–∫–Ω–æ –ø–æ—Å–ª–µ –æ—Ç–ø—Ä–∞–≤–∫–∏ –ø–∏—Å—å–º–∞
2020-12-08 12:26:51 INFO  MailPage:99 - –ü—Ä–æ–≤–µ—Ä–∫–∞ –ø—Ä–æ—à–ª–∞ —É—Å–ø–µ—à–Ω–æ
2020-12-08 12:26:52 INFO  MailPage:72 - –í—ã–ø–æ–ª–Ω–µ–Ω –≤—ã—Ö–æ–¥ –∏–∑ —Å–∏—Å—Ç–µ–º—ã
2020-12-08 12:35:15 INFO  LoginPage:39 - –í–≤–æ–¥ –ª–æ–≥–∏–Ω–∞
2020-12-08 12:35:15 INFO  LoginPage:44 - –í–≤–æ–¥ –ø–∞—Ä–æ–ª—è
2020-12-08 12:35:15 INFO  LoginPage:48 - –í—Ö–æ–¥ –≤ —Å–∏—Å—Ç–µ–º—É
2020-12-08 12:35:20 INFO  MailPage:75 - –ó–∞–∫—Ä—ã—Ç–æ –æ–∫–Ω–æ –ø–æ—Å–ª–µ —Å–æ—Ö—Ä–∞–Ω–µ–Ω–∏—è —á–µ—Ä–Ω–æ–≤–∏–∫–∞
2020-12-08 12:35:21 INFO  MailPage:95 - –ü—Ä–æ–≤–µ—Ä–∫–∞ –ø—Ä–æ—à–ª–∞ —É—Å–ø–µ—à–Ω–æ
2020-12-08 12:35:21 INFO  MailPage:77 - –í—ã–ø–æ–ª–Ω–µ–Ω –≤—ã—Ö–æ–¥ –∏–∑ —Å–∏—Å—Ç–µ–º—ã
2020-12-08 12:35:29 INFO  LoginPage:39 - –í–≤–æ–¥ –ª–æ–≥–∏–Ω–∞
2020-12-08 12:35:29 INFO  LoginPage:44 - –í–≤–æ–¥ –ø–∞—Ä–æ–ª—è
2020-12-08 12:35:29 INFO  LoginPage:48 - –í—Ö–æ–¥ –≤ —Å–∏—Å—Ç–µ–º—É
2020-12-08 12:35:34 INFO  MailPage:70 - –ó–∞–∫—Ä—ã—Ç–æ –æ–∫–Ω–æ –ø–æ—Å–ª–µ –æ—Ç–ø—Ä–∞–≤–∫–∏ –ø–∏—Å—å–º–∞
2020-12-08 12:35:35 INFO  MailPage:104 - –ü—Ä–æ–≤–µ—Ä–∫–∞ –ø—Ä–æ—à–ª–∞ —É—Å–ø–µ—à–Ω–æ
2020-12-08 12:35:36 INFO  MailPage:77 - –í—ã–ø–æ–ª–Ω–µ–Ω –≤—ã—Ö–æ–¥ –∏–∑ —Å–∏—Å—Ç–µ–º—ã
2020-12-08 12:35:48 INFO  LoginPage:39 - –í–≤–æ–¥ –ª–æ–≥–∏–Ω–∞
2020-12-08 12:35:49 INFO  LoginPage:44 - –í–≤–æ–¥ –ø–∞—Ä–æ–ª—è
2020-12-08 12:35:49 INFO  LoginPage:48 - –í—Ö–æ–¥ –≤ —Å–∏—Å—Ç–µ–º—É
2020-12-08 12:35:53 INFO  MailPage:75 - –ó–∞–∫—Ä—ã—Ç–æ –æ–∫–Ω–æ –ø–æ—Å–ª–µ —Å–æ—Ö—Ä–∞–Ω–µ–Ω–∏—è —á–µ—Ä–Ω–æ–≤–∏–∫–∞
2020-12-08 12:36:02 INFO  LoginPage:39 - –í–≤–æ–¥ –ª–æ–≥–∏–Ω–∞
2020-12-08 12:36:02 INFO  LoginPage:44 - –í–≤–æ–¥ –ø–∞—Ä–æ–ª—è
2020-12-08 12:36:02 INFO  LoginPage:48 - –í—Ö–æ–¥ –≤ —Å–∏—Å—Ç–µ–º—É
2020-12-08 12:36:07 INFO  MailPage:70 - –ó–∞–∫—Ä—ã—Ç–æ –æ–∫–Ω–æ –ø–æ—Å–ª–µ –æ—Ç–ø—Ä–∞–≤–∫–∏ –ø–∏—Å—å–º–∞
2020-12-08 12:36:08 INFO  MailPage:104 - –ü—Ä–æ–≤–µ—Ä–∫–∞ –ø—Ä–æ—à–ª–∞ —É—Å–ø–µ—à–Ω–æ
2020-12-08 12:36:09 INFO  MailPage:77 - –í—ã–ø–æ–ª–Ω–µ–Ω –≤—ã—Ö–æ–¥ –∏–∑ —Å–∏—Å—Ç–µ–º—ã
2020-12-08 12:36:47 INFO  LoginPage:39 - –í–≤–æ–¥ –ª–æ–≥–∏–Ω–∞
2020-12-08 12:36:47 INFO  LoginPage:44 - –í–≤–æ–¥ –ø–∞—Ä–æ–ª—è
2020-12-08 12:36:47 INFO  LoginPage:48 - –í—Ö–æ–¥ –≤ —Å–∏—Å—Ç–µ–º—É
2020-12-08 12:36:52 INFO  MailPage:75 - –ó–∞–∫—Ä—ã—Ç–æ –æ–∫–Ω–æ –ø–æ—Å–ª–µ —Å–æ—Ö—Ä–∞–Ω–µ–Ω–∏—è —á–µ—Ä–Ω–æ–≤–∏–∫–∞
2020-12-08 12:36:53 INFO  MailPage:95 - –ü—Ä–æ–≤–µ—Ä–∫–∞ –ø—Ä–æ—à–ª–∞ —É—Å–ø–µ—à–Ω–æ
2020-12-08 12:36:54 INFO  MailPage:77 - –í—ã–ø–æ–ª–Ω–µ–Ω –≤—ã—Ö–æ–¥ –∏–∑ —Å–∏—Å—Ç–µ–º—ã
2020-12-08 12:37:02 INFO  LoginPage:39 - –í–≤–æ–¥ –ª–æ–≥–∏–Ω–∞
2020-12-08 12:37:02 INFO  LoginPage:44 - –í–≤–æ–¥ –ø–∞—Ä–æ–ª—è
2020-12-08 12:37:03 INFO  LoginPage:48 - –í—Ö–æ–¥ –≤ —Å–∏—Å—Ç–µ–º—É
2020-12-08 12:37:07 INFO  MailPage:70 - –ó–∞–∫—Ä—ã—Ç–æ –æ–∫–Ω–æ –ø–æ—Å–ª–µ –æ—Ç–ø—Ä–∞–≤–∫–∏ –ø–∏—Å—å–º–∞
2020-12-08 12:37:09 INFO  MailPage:104 - –ü—Ä–æ–≤–µ—Ä–∫–∞ –ø—Ä–æ—à–ª–∞ —É—Å–ø–µ—à–Ω–æ
2020-12-08 12:37:10 INFO  MailPage:77 - –í—ã–ø–æ–ª–Ω–µ–Ω –≤—ã—Ö–æ–¥ –∏–∑ —Å–∏—Å—Ç–µ–º—ã
2020-12-08 12:37:25 INFO  LoginPage:39 - –í–≤–æ–¥ –ª–æ–≥–∏–Ω–∞
2020-12-08 12:37:25 INFO  LoginPage:44 - –í–≤–æ–¥ –ø–∞—Ä–æ–ª—è
2020-12-08 12:37:25 INFO  LoginPage:48 - –í—Ö–æ–¥ –≤ —Å–∏—Å—Ç–µ–º—É
2020-12-08 12:37:29 INFO  MailPage:75 - –ó–∞–∫—Ä—ã—Ç–æ –æ–∫–Ω–æ –ø–æ—Å–ª–µ —Å–æ—Ö—Ä–∞–Ω–µ–Ω–∏—è —á–µ—Ä–Ω–æ–≤–∏–∫–∞
2020-12-08 12:37:30 INFO  MailPage:95 - –ü—Ä–æ–≤–µ—Ä–∫–∞ –ø—Ä–æ—à–ª–∞ —É—Å–ø–µ—à–Ω–æ
2020-12-08 12:37:30 INFO  MailPage:77 - –í—ã–ø–æ–ª–Ω–µ–Ω –≤—ã—Ö–æ–¥ –∏–∑ —Å–∏—Å—Ç–µ–º—ã
2020-12-08 12:37:39 INFO  LoginPage:39 - –í–≤–æ–¥ –ª–æ–≥–∏–Ω–∞
2020-12-08 12:37:39 INFO  LoginPage:44 - –í–≤–æ–¥ –ø–∞—Ä–æ–ª—è
2020-12-08 12:37:39 INFO  LoginPage:48 - –í—Ö–æ–¥ –≤ —Å–∏—Å—Ç–µ–º—É
2020-12-08 12:37:44 INFO  MailPage:70 - –ó–∞–∫—Ä—ã—Ç–æ –æ–∫–Ω–æ –ø–æ—Å–ª–µ –æ—Ç–ø—Ä–∞–≤–∫–∏ –ø–∏—Å—å–º–∞
2020-12-08 12:37:45 INFO  MailPage:104 - –ü—Ä–æ–≤–µ—Ä–∫–∞ –ø—Ä–æ—à–ª–∞ —É—Å–ø–µ—à–Ω–æ
2020-12-08 12:37:46 INFO  MailPage:77 - –í—ã–ø–æ–ª–Ω–µ–Ω –≤—ã—Ö–æ–¥ –∏–∑ —Å–∏—Å—Ç–µ–º—ã
2020-12-08 12:38:06 INFO  LoginPage:39 - –í–≤–æ–¥ –ª–æ–≥–∏–Ω–∞
2020-12-08 12:38:06 INFO  LoginPage:44 - –í–≤–æ–¥ –ø–∞—Ä–æ–ª—è
2020-12-08 12:38:06 INFO  LoginPage:48 - –í—Ö–æ–¥ –≤ —Å–∏—Å—Ç–µ–º—É
2020-12-08 12:38:10 INFO  MailPage:75 - –ó–∞–∫—Ä—ã—Ç–æ –æ–∫–Ω–æ –ø–æ—Å–ª–µ —Å–æ—Ö—Ä–∞–Ω–µ–Ω–∏—è —á–µ—Ä–Ω–æ–≤–∏–∫–∞
2020-12-08 12:38:11 INFO  MailPage:95 - –ü—Ä–æ–≤–µ—Ä–∫–∞ –ø—Ä–æ—à–ª–∞ —É—Å–ø–µ—à–Ω–æ
2020-12-08 12:38:11 INFO  MailPage:77 - –í—ã–ø–æ–ª–Ω–µ–Ω –≤—ã—Ö–æ–¥ –∏–∑ —Å–∏—Å—Ç–µ–º—ã
2020-12-08 12:38:17 INFO  LoginPage:39 - –í–≤–æ–¥ –ª–æ–≥–∏–Ω–∞
2020-12-08 12:38:17 INFO  LoginPage:44 - –í–≤–æ–¥ –ø–∞—Ä–æ–ª—è
2020-12-08 12:38:18 INFO  LoginPage:48 - –í—Ö–æ–¥ –≤ —Å–∏—Å—Ç–µ–º—É
2020-12-08 12:38:22 INFO  MailPage:70 - –ó–∞–∫—Ä—ã—Ç–æ –æ–∫–Ω–æ –ø–æ—Å–ª–µ –æ—Ç–ø—Ä–∞–≤–∫–∏ –ø–∏—Å—å–º–∞
2020-12-08 12:38:31 INFO  LoginPage:39 - –í–≤–æ–¥ –ª–æ–≥–∏–Ω–∞
2020-12-08 12:38:31 INFO  LoginPage:44 - –í–≤–æ–¥ –ø–∞—Ä–æ–ª—è
2020-12-08 12:38:31 INFO  LoginPage:48 - –í—Ö–æ–¥ –≤ —Å–∏—Å—Ç–µ–º—É
2020-12-08 12:38:36 INFO  MailPage:75 - –ó–∞–∫—Ä—ã—Ç–æ –æ–∫–Ω–æ –ø–æ—Å–ª–µ —Å–æ—Ö—Ä–∞–Ω–µ–Ω–∏—è —á–µ—Ä–Ω–æ–≤–∏–∫–∞
2020-12-08 12:38:37 INFO  MailPage:95 - –ü—Ä–æ–≤–µ—Ä–∫–∞ –ø—Ä–æ—à–ª–∞ —É—Å–ø–µ—à–Ω–æ
2020-12-08 12:38:38 INFO  MailPage:77 - –í—ã–ø–æ–ª–Ω–µ–Ω –≤—ã—Ö–æ–¥ –∏–∑ —Å–∏—Å—Ç–µ–º—ã
2020-12-08 12:38:43 INFO  LoginPage:39 - –í–≤–æ–¥ –ª–æ–≥–∏–Ω–∞
2020-12-08 12:38:44 INFO  LoginPage:44 - –í–≤–æ–¥ –ø–∞—Ä–æ–ª—è
2020-12-08 12:38:44 INFO  LoginPage:48 - –í—Ö–æ–¥ –≤ —Å–∏—Å—Ç–µ–º—É
2020-12-08 12:38:49 INFO  MailPage:70 - –ó–∞–∫—Ä—ã—Ç–æ –æ–∫–Ω–æ –ø–æ—Å–ª–µ –æ—Ç–ø—Ä–∞–≤–∫–∏ –ø–∏—Å—å–º–∞
2020-12-08 12:38:50 INFO  MailPage:104 - –ü—Ä–æ–≤–µ—Ä–∫–∞ –ø—Ä–æ—à–ª–∞ —É—Å–ø–µ—à–Ω–æ
2020-12-08 12:44:53 INFO  MailPage:77 - –í—ã–ø–æ–ª–Ω–µ–Ω –≤—ã—Ö–æ–¥ –∏–∑ —Å–∏—Å—Ç–µ–º—ã
2020-12-08 12:45:46 INFO  LoginPage:39 - –í–≤–æ–¥ –ª–æ–≥–∏–Ω–∞
2020-12-08 12:45:47 INFO  LoginPage:44 - –í–≤–æ–¥ –ø–∞—Ä–æ–ª—è
2020-12-08 12:45:47 INFO  LoginPage:48 - –í—Ö–æ–¥ –≤ —Å–∏—Å—Ç–µ–º—É
2020-12-08 12:45:51 INFO  MailPage:75 - –ó–∞–∫—Ä—ã—Ç–æ –æ–∫–Ω–æ –ø–æ—Å–ª–µ —Å–æ—Ö—Ä–∞–Ω–µ–Ω–∏—è —á–µ—Ä–Ω–æ–≤–∏–∫–∞
2020-12-08 12:45:52 INFO  MailPage:95 - –ü—Ä–æ–≤–µ—Ä–∫–∞ –ø—Ä–æ—à–ª–∞ —É—Å–ø–µ—à–Ω–æ
2020-12-08 12:45:52 INFO  MailPage:77 - –í—ã–ø–æ–ª–Ω–µ–Ω –≤—ã—Ö–æ–¥ –∏–∑ —Å–∏—Å—Ç–µ–º—ã
2020-12-08 12:45:58 INFO  LoginPage:39 - –í–≤–æ–¥ –ª–æ–≥–∏–Ω–∞
2020-12-08 12:45:59 INFO  LoginPage:44 - –í–≤–æ–¥ –ø–∞—Ä–æ–ª—è
2020-12-08 12:45:59 INFO  LoginPage:48 - –í—Ö–æ–¥ –≤ —Å–∏—Å—Ç–µ–º—É
2020-12-08 12:46:11 INFO  LoginPage:39 - –í–≤–æ–¥ –ª–æ–≥–∏–Ω–∞
2020-12-08 12:46:11 INFO  LoginPage:44 - –í–≤–æ–¥ –ø–∞—Ä–æ–ª—è
2020-12-08 12:46:12 INFO  LoginPage:48 - –í—Ö–æ–¥ –≤ —Å–∏—Å—Ç–µ–º—É
2020-12-08 12:46:15 INFO  MailPage:75 - –ó–∞–∫—Ä—ã—Ç–æ –æ–∫–Ω–æ –ø–æ—Å–ª–µ —Å–æ—Ö—Ä–∞–Ω–µ–Ω–∏—è —á–µ—Ä–Ω–æ–≤–∏–∫–∞
2020-12-08 12:46:17 INFO  MailPage:95 - –ü—Ä–æ–≤–µ—Ä–∫–∞ –ø—Ä–æ—à–ª–∞ —É—Å–ø–µ—à–Ω–æ
2020-12-08 12:46:17 INFO  MailPage:77 - –í—ã–ø–æ–ª–Ω–µ–Ω –≤—ã—Ö–æ–¥ –∏–∑ —Å–∏—Å—Ç–µ–º—ã
2020-12-08 12:46:22 INFO  LoginPage:39 - –í–≤–æ–¥ –ª–æ–≥–∏–Ω–∞
2020-12-08 12:46:22 INFO  LoginPage:44 - –í–≤–æ–¥ –ø–∞—Ä–æ–ª—è
2020-12-08 12:46:23 INFO  LoginPage:48 - –í—Ö–æ–¥ –≤ —Å–∏—Å—Ç–µ–º—É
2020-12-08 12:46:27 INFO  MailPage:70 - –ó–∞–∫—Ä—ã—Ç–æ –æ–∫–Ω–æ –ø–æ—Å–ª–µ –æ—Ç–ø—Ä–∞–≤–∫–∏ –ø–∏—Å—å–º–∞
2020-12-08 12:46:29 INFO  MailPage:104 - –ü—Ä–æ–≤–µ—Ä–∫–∞ –ø—Ä–æ—à–ª–∞ —É—Å–ø–µ—à–Ω–æ
2020-12-08 12:48:39 INFO  MailPage:77 - –í—ã–ø–æ–ª–Ω–µ–Ω –≤—ã—Ö–æ–¥ –∏–∑ —Å–∏—Å—Ç–µ–º—ã
